{
  code: 'EADDRINUSE',
  errno: -4091,
  syscall: 'listen',
  address: '::',
  port: 5000,
  level: 'error',
  label: 'PH',
  timestamp: '2023-08-08T04:20:19.093Z'
}
{
  code: 'EADDRINUSE',
  errno: -4091,
  syscall: 'listen',
  address: '::',
  port: 5000,
  level: 'error',
  label: 'PH',
  timestamp: '2023-08-08T04:21:16.286Z'
}
{
  code: 'EADDRINUSE',
  errno: -4091,
  syscall: 'listen',
  address: '::',
  port: 5000,
  level: 'error',
  label: 'PH',
  timestamp: '2023-08-08T04:22:09.373Z'
}
