{
  stringValue: '"860100001"',
  messageFormat: undefined,
  kind: 'ObjectId',
  value: '860100001',
  path: '_id',
  reason: BSONError: Argument passed in must be a string of 12 bytes or a string of 24 hex characters or an integer
      at new ObjectId (C:\nl-practice\versity-management-auth-service1\node_modules\bson\src\objectid.ts:88:15)
      at castObjectId (C:\nl-practice\versity-management-auth-service1\node_modules\mongoose\lib\cast\objectid.js:25:12)
      at ObjectId.cast (C:\nl-practice\versity-management-auth-service1\node_modules\mongoose\lib\schema\objectid.js:246:12)
      at ObjectId.SchemaType.applySetters (C:\nl-practice\versity-management-auth-service1\node_modules\mongoose\lib\schematype.js:1204:12)
      at ObjectId.SchemaType.castForQuery (C:\nl-practice\versity-management-auth-service1\node_modules\mongoose\lib\schematype.js:1616:15)
      at cast (C:\nl-practice\versity-management-auth-service1\node_modules\mongoose\lib\cast.js:356:32)
      at model.Query.Query.cast (C:\nl-practice\versity-management-auth-service1\node_modules\mongoose\lib\query.js:4866:12)
      at model.Query.Query._castConditions (C:\nl-practice\versity-management-auth-service1\node_modules\mongoose\lib\query.js:2210:10)
      at model.Query._findOneAndUpdate (C:\nl-practice\versity-management-auth-service1\node_modules\mongoose\lib\query.js:3284:8)
      at model.Query.exec (C:\nl-practice\versity-management-auth-service1\node_modules\mongoose\lib\query.js:4396:28),
  valueType: 'string',
  model: Model { Student },
  level: 'error',
  label: 'PH',
  timestamp: '2023-07-26T04:27:29.130Z'
}
{
  stringValue: '"860100001"',
  messageFormat: undefined,
  kind: 'ObjectId',
  value: '860100001',
  path: '_id',
  reason: BSONError: Argument passed in must be a string of 12 bytes or a string of 24 hex characters or an integer
      at new ObjectId (C:\nl-practice\versity-management-auth-service1\node_modules\bson\src\objectid.ts:88:15)
      at castObjectId (C:\nl-practice\versity-management-auth-service1\node_modules\mongoose\lib\cast\objectid.js:25:12)
      at ObjectId.cast (C:\nl-practice\versity-management-auth-service1\node_modules\mongoose\lib\schema\objectid.js:246:12)
      at ObjectId.SchemaType.applySetters (C:\nl-practice\versity-management-auth-service1\node_modules\mongoose\lib\schematype.js:1204:12)
      at ObjectId.SchemaType.castForQuery (C:\nl-practice\versity-management-auth-service1\node_modules\mongoose\lib\schematype.js:1616:15)
      at cast (C:\nl-practice\versity-management-auth-service1\node_modules\mongoose\lib\cast.js:356:32)
      at model.Query.Query.cast (C:\nl-practice\versity-management-auth-service1\node_modules\mongoose\lib\query.js:4866:12)
      at model.Query.Query._castConditions (C:\nl-practice\versity-management-auth-service1\node_modules\mongoose\lib\query.js:2210:10)
      at model.Query._findOneAndUpdate (C:\nl-practice\versity-management-auth-service1\node_modules\mongoose\lib\query.js:3284:8)
      at model.Query.exec (C:\nl-practice\versity-management-auth-service1\node_modules\mongoose\lib\query.js:4396:28),
  valueType: 'string',
  model: Model { Student },
  level: 'error',
  label: 'PH',
  timestamp: '2023-07-26T04:40:53.933Z'
}
